Log file open, 10/10/17 12:20:52
LogWindows: LoadLibraryWithSearchPaths failed for file aqProf.dll. GetLastError=0
LogWindows: LoadLibraryWithSearchPaths failed for file VSPerf140.dll. GetLastError=0
LogWindows: LoadLibraryWithSearchPaths failed for file VtuneApi.dll. GetLastError=0
LogWindows: LoadLibraryWithSearchPaths failed for file VtuneApi32e.dll. GetLastError=0
LogInit: Display: Running engine for game: pro1
LogPlatformFile: Not using cached read wrapper
LogInit: Display: RandInit(1266018088) SRandInit(1266018088).
LogTaskGraph: Started task graph with 5 named threads and 14 total threads with 3 sets of task threads.
LogStats: Stats thread started at 0.149881
LogD3D11RHI: Aftermath initialized
LogPluginManager: Mounting plugin Paper2D
LogPluginManager: Mounting plugin LightPropagationVolume
LogPluginManager: Mounting plugin CodeLiteSourceCodeAccess
LogPluginManager: Mounting plugin GitSourceControl
LogPluginManager: Mounting plugin KDevelopSourceCodeAccess
LogPluginManager: Mounting plugin NullSourceCodeAccess
LogPluginManager: Mounting plugin PerforceSourceControl
LogPluginManager: Mounting plugin SubversionSourceControl
LogPluginManager: Mounting plugin UObjectPlugin
LogPluginManager: Mounting plugin VisualStudioSourceCodeAccess
LogPluginManager: Mounting plugin XCodeSourceCodeAccess
LogPluginManager: Mounting plugin AssetManagerEditor
LogPluginManager: Mounting plugin AudioCapture
LogPluginManager: Mounting plugin FacialAnimation
LogPluginManager: Mounting plugin GameplayTagsEditor
LogPluginManager: Mounting plugin MobileLauncherProfileWizard
LogPluginManager: Mounting plugin PluginBrowser
LogPluginManager: Mounting plugin SpeedTreeImporter
LogPluginManager: Mounting plugin AlembicImporter
LogPluginManager: Mounting plugin CharacterAI
LogPluginManager: Mounting plugin HTML5Networking
LogPluginManager: Mounting plugin AndroidMedia
LogPluginManager: Mounting plugin AvfMedia
LogPluginManager: Mounting plugin MediaPlayerEditor
LogPluginManager: Mounting plugin WmfMedia
LogPluginManager: Mounting plugin TcpMessaging
LogPluginManager: Mounting plugin UdpMessaging
LogPluginManager: Mounting plugin LevelSequenceEditor
LogPluginManager: Mounting plugin MatineeToLevelSequence
LogPluginManager: Mounting plugin OnlineSubsystemGooglePlay
LogPluginManager: Mounting plugin OnlineSubsystemIOS
LogPluginManager: Mounting plugin OnlineSubsystem
LogPluginManager: Mounting plugin OnlineSubsystemNull
LogPluginManager: Mounting plugin OnlineSubsystemUtils
LogPluginManager: Mounting plugin AndroidDeviceProfileSelector
LogPluginManager: Mounting plugin AndroidMoviePlayer
LogPluginManager: Mounting plugin AndroidPermission
LogPluginManager: Mounting plugin AppleMoviePlayer
LogPluginManager: Mounting plugin ArchVisCharacter
LogPluginManager: Mounting plugin CableComponent
LogPluginManager: Mounting plugin CustomMeshComponent
LogPluginManager: Mounting plugin ExampleDeviceProfileSelector
LogPluginManager: Mounting plugin GoogleCloudMessaging
LogPluginManager: Mounting plugin ImmediatePhysics
LogPluginManager: Mounting plugin IOSDeviceProfileSelector
LogPluginManager: Mounting plugin LinuxDeviceProfileSelector
LogPluginManager: Mounting plugin LocationServicesBPLibrary
LogPluginManager: Mounting plugin MobilePatchingUtils
LogPluginManager: Mounting plugin OculusVR
LogPluginManager: Mounting plugin PhysXVehicles
LogPluginManager: Mounting plugin ProceduralMeshComponent
LogPluginManager: Mounting plugin RuntimePhysXCooking
LogPluginManager: Mounting plugin SteamVR
LogPluginManager: Mounting plugin WindowsMoviePlayer
LogInit: Using libcurl 7.47.1
LogInit:  - built for x86_64-pc-win32
LogInit:  - supports SSL with OpenSSL/1.0.2g
LogInit:  - supports HTTP deflate (compression) using libz 1.2.8
LogInit:  - other features:
LogInit:      CURL_VERSION_SSL
LogInit:      CURL_VERSION_LIBZ
LogInit:      CURL_VERSION_IPV6
LogInit:      CURL_VERSION_ASYNCHDNS
LogInit:      CURL_VERSION_LARGEFILE
LogInit:      CURL_VERSION_IDN
LogInit:  CurlRequestOptions (configurable via config and command line):
LogInit:  - bVerifyPeer = false  - Libcurl will NOT verify peer certificate
LogInit:  - bUseHttpProxy = false  - Libcurl will NOT use HTTP proxy
LogInit:  - bDontReuseConnections = false  - Libcurl will reuse connections
LogInit:  - CertBundlePath = nullptr  - Libcurl will use whatever was configured at build time.
LogInit: Build: ++UE4+Release-4.17-CL-3573198
LogInit: Engine Version: 4.17.0-3573198+++UE4+Release-4.17
LogInit: Compatible Engine Version: 4.17.0-3573198+++UE4+Release-4.17
LogInit: Net CL: 3573198
LogDevObjectVersion: Number of dev versions registered: 16
LogDevObjectVersion:   Dev-Blueprints (B0D832E4-1F89-4F0D-ACCF-7EB736FD4AA2): 10
LogDevObjectVersion:   Dev-Build (E1C64328-A22C-4D53-A36C-8E866417BD8C): 0
LogDevObjectVersion:   Dev-Core (375EC13C-06E4-48FB-B500-84F0262A717E): 2
LogDevObjectVersion:   Dev-Editor (E4B068ED-F494-42E9-A231-DA0B2E46BB41): 20
LogDevObjectVersion:   Dev-Framework (CFFC743F-43B0-4480-9391-14DF171D2073): 28
LogDevObjectVersion:   Dev-Mobile (B02B49B5-BB20-44E9-A304-32B752E40360): 0
LogDevObjectVersion:   Dev-Networking (A4E4105C-59A1-49B5-A7C5-40C4547EDFEE): 0
LogDevObjectVersion:   Dev-Online (39C831C9-5AE6-47DC-9A44-9C173E1C8E7C): 0
LogDevObjectVersion:   Dev-Physics (78F01B33-EBEA-4F98-B9B4-84EACCB95AA2): 0
LogDevObjectVersion:   Dev-Platform (6631380F-2D4D-43E0-8009-CF276956A95A): 0
LogDevObjectVersion:   Dev-Rendering (12F88B9F-8875-4AFC-A67C-D90C383ABD29): 19
LogDevObjectVersion:   Dev-Sequencer (7B5AE74C-D270-4C10-A958-57980B212A5A): 4
LogDevObjectVersion:   Dev-VR (D7296918-1DD6-4BDD-9DE2-64A83CC13884): 0
LogDevObjectVersion:   Dev-LoadTimes (C2A15278-BFE7-4AFE-6C17-90FF531DF755): 1
LogDevObjectVersion:   Private-Geometry (6EACA3D4-40EC-4CC1-B786-8BED09428FC5): 1
LogDevObjectVersion:   Dev-AnimPhys (29E575DD-E0A3-4627-9D10-D276232CDCEA): 7
LogInit: Compiled (64-bit): Aug  4 2017 16:30:33
LogInit: Compiled with Visual C++: 19.00.24215.01
LogInit: Build Configuration: Development
LogInit: Branch Name: ++UE4+Release-4.17
LogInit: Command line: -EpicPortal 
LogInit: Base directory: E:/Programs/UE_4.17/UE_4.17/Engine/Binaries/Win64/
LogInit: Installed Engine Build: 1
LogInit: Presizing for max 8388607 objects, including 0 objects not considered by GC, pre-allocating 0 bytes for permanent pool.
LogInit: Object subsystem initialized
[2017.10.10-10.20.53:241][  0]LogInit: Selected Device Profile: [Windows]
[2017.10.10-10.20.53:241][  0]LogInit: Applying CVar settings loaded from the selected device profile: [Windows]
[2017.10.10-10.20.53:312][  0]LogInit: Computer: SALVEIRO-PC
[2017.10.10-10.20.53:312][  0]LogInit: User: Salveiro
[2017.10.10-10.20.53:312][  0]LogInit: CPU Page size=4096, Cores=4
[2017.10.10-10.20.53:312][  0]LogInit: High frequency timer resolution =3.417988 MHz
[2017.10.10-10.20.53:312][  0]LogMemory: Memory total: Physical=7.9GB (8GB approx)
[2017.10.10-10.20.53:312][  0]LogMemory: Platform Memory Stats for Windows
[2017.10.10-10.20.53:312][  0]LogMemory: Process Physical Memory: 279.57 MB used, 279.57 MB peak
[2017.10.10-10.20.53:312][  0]LogMemory: Process Virtual Memory: 284.45 MB used, 284.45 MB peak
[2017.10.10-10.20.53:312][  0]LogMemory: Physical Memory: 4935.81 MB used,  3172.80 MB free, 8108.61 MB total
[2017.10.10-10.20.53:312][  0]LogMemory: Virtual Memory: 660.05 MB used,  3172.80 MB free, 8388608.00 MB total
[2017.10.10-10.20.53:399][  0]LogInit: Using OS detected language (pl-PL).
[2017.10.10-10.20.53:399][  0]LogInit: Using OS detected locale (pl-PL).
[2017.10.10-10.20.53:400][  0]LogTextLocalizationManager: No localization for 'pl-PL' exists, so 'en' will be used for the language.
[2017.10.10-10.20.53:401][  0]LogTextLocalizationManager: No localization for 'pl-PL' exists, so 'en' will be used for the locale.
[2017.10.10-10.20.53:937][  0]LogD3D11RHI: D3D11 adapters:
[2017.10.10-10.20.53:957][  0]LogD3D11RHI:    0. 'NVIDIA GeForce GTX 970' (Feature Level 11_0)
[2017.10.10-10.20.53:957][  0]LogD3D11RHI:       4007/0/3798 MB DedicatedVideo/DedicatedSystem/SharedSystem, Outputs:1, VendorId:0x10de
[2017.10.10-10.20.53:957][  0]LogD3D11RHI: Chosen D3D11 Adapter: 0
[2017.10.10-10.20.53:960][  0]LogD3D11RHI: Creating new Direct3DDevice
[2017.10.10-10.20.53:960][  0]LogD3D11RHI:     GPU DeviceId: 0x13c2 (for the marketing name, search the web for "GPU Device Id")
[2017.10.10-10.20.53:960][  0]LogWindows: EnumDisplayDevices:
[2017.10.10-10.20.53:960][  0]LogWindows:    0. 'NVIDIA GeForce GTX 970' (P:1 D:1)
[2017.10.10-10.20.53:960][  0]LogWindows:    1. 'NVIDIA GeForce GTX 970' (P:0 D:0)
[2017.10.10-10.20.53:960][  0]LogWindows:    2. 'NVIDIA GeForce GTX 970' (P:0 D:0)
[2017.10.10-10.20.53:960][  0]LogWindows:    3. 'NVIDIA GeForce GTX 970' (P:0 D:0)
[2017.10.10-10.20.53:960][  0]LogWindows:    4. 'RDPDD Chained DD' (P:0 D:0)
[2017.10.10-10.20.53:961][  0]LogWindows:    5. 'RDP Encoder Mirror Driver' (P:0 D:0)
[2017.10.10-10.20.53:961][  0]LogWindows:    6. 'RDP Reflector Display Driver' (P:0 D:0)
[2017.10.10-10.20.53:961][  0]LogWindows: DebugString: GetVideoDriverDetailsInvalid PrimaryIsNotTheChoosenAdapter GetVideoDriverDetailsInvalid PrimaryIsNotTheChoosenAdapter GetVideoDriverDetailsInvalid PrimaryIsNotTheChoosenAdapter FoundDriverCount:4 
[2017.10.10-10.20.53:961][  0]LogD3D11RHI:     Adapter Name: NVIDIA GeForce GTX 970
[2017.10.10-10.20.53:961][  0]LogD3D11RHI:   Driver Version: 384.94 (internal:22.21.13.8494, unified:384.94)
[2017.10.10-10.20.53:961][  0]LogD3D11RHI:      Driver Date: 7-18-2017
[2017.10.10-10.20.53:961][  0]LogRHI: Texture pool is 1361 MB (70% of 1945 MB)
[2017.10.10-10.20.53:968][  0]LogD3D11RHI: Async texture creation enabled
[2017.10.10-10.20.53:982][  0]LogD3D11RHI: GPU Timing Frequency: 1000.000000 (Debug: 2 2)
[2017.10.10-10.20.53:983][  0]LogShaderCompilers: Guid format shader working directory is -7 characters bigger than the processId version (../../../../../../Salveiro/Documents/Unreal Projects/pro1/Intermediate/Shaders/WorkingDirectory/872/).
[2017.10.10-10.20.53:983][  0]LogShaderCompilers: Cleaned the shader compiler working directory 'C:/Users/Salveiro/AppData/Local/Temp/UnrealShaderWorkingDir/C069F25F4FDF813B659BE5A5F9900422/'.
[2017.10.10-10.20.53:983][  0]LogShaderCompilers: Display: Using Local Shader Compiler.
[2017.10.10-10.20.54:716][  0]LogTemp: Display: Loaded TP AllDesktopTargetPlatform
[2017.10.10-10.20.54:746][  0]LogTemp: Display: Loaded TP MacClientTargetPlatform
[2017.10.10-10.20.54:778][  0]LogTemp: Display: Loaded TP MacNoEditorTargetPlatform
[2017.10.10-10.20.54:808][  0]LogTemp: Display: Loaded TP MacServerTargetPlatform
[2017.10.10-10.20.54:838][  0]LogTemp: Display: Loaded TP MacTargetPlatform
[2017.10.10-10.20.54:869][  0]LogTemp: Display: Loaded TP WindowsClientTargetPlatform
[2017.10.10-10.20.54:898][  0]LogTemp: Display: Loaded TP WindowsNoEditorTargetPlatform
[2017.10.10-10.20.54:928][  0]LogTemp: Display: Loaded TP WindowsServerTargetPlatform
[2017.10.10-10.20.54:952][  0]LogTemp: Display: Loaded TP WindowsTargetPlatform
[2017.10.10-10.20.54:981][  0]LogTemp: Display: Loaded TP AndroidTargetPlatform
[2017.10.10-10.20.55:009][  0]LogTemp: Display: Loaded TP Android_ASTCTargetPlatform
[2017.10.10-10.20.55:039][  0]LogTemp: Display: Loaded TP Android_ATCTargetPlatform
[2017.10.10-10.20.55:068][  0]LogTemp: Display: Loaded TP Android_DXTTargetPlatform
[2017.10.10-10.20.55:098][  0]LogTemp: Display: Loaded TP Android_ETC1TargetPlatform
[2017.10.10-10.20.55:127][  0]LogTemp: Display: Loaded TP Android_ETC2TargetPlatform
[2017.10.10-10.20.55:187][  0]LogTemp: Display: Loaded TP Android_MultiTargetPlatform
[2017.10.10-10.20.55:187][  0]LogTemp: Display: Loaded TP Android_PVRTCTargetPlatform
[2017.10.10-10.20.55:206][  0]LogTemp: Display: Loaded TP HTML5TargetPlatform
[2017.10.10-10.20.55:265][  0]LogTemp: Display: Loaded TP IOSTargetPlatform
[2017.10.10-10.20.55:283][  0]LogTemp: Display: Loaded TP TVOSTargetPlatform
[2017.10.10-10.20.55:313][  0]LogTemp: Display: Loaded TP LinuxClientTargetPlatform
[2017.10.10-10.20.55:342][  0]LogTemp: Display: Loaded TP LinuxNoEditorTargetPlatform
[2017.10.10-10.20.55:370][  0]LogTemp: Display: Loaded TP LinuxServerTargetPlatform
[2017.10.10-10.20.55:399][  0]LogTemp: Display: Loaded TP LinuxTargetPlatform
[2017.10.10-10.20.55:399][  0]LogTargetPlatformManager: Display: Building Assets For Windows
[2017.10.10-10.20.55:641][  0]LogDerivedDataCache: Display: Max Cache Size: 512 MB
[2017.10.10-10.20.55:729][  0]LogDerivedDataCache: Loaded boot cache 0.09s 93MB C:/Users/Salveiro/AppData/Local/UnrealEngine/4.17/DerivedDataCache/Boot.ddc.
[2017.10.10-10.20.55:729][  0]LogDerivedDataCache: Display: Loaded Boot cache: C:/Users/Salveiro/AppData/Local/UnrealEngine/4.17/DerivedDataCache/Boot.ddc
[2017.10.10-10.20.55:729][  0]LogDerivedDataCache: FDerivedDataBackendGraph:  Pak pak cache file ../../../../../../Salveiro/Documents/Unreal Projects/pro1/DerivedDataCache/DDC.ddp not found, will not use a pak cache.
[2017.10.10-10.20.55:729][  0]LogDerivedDataCache: Unable to find inner node Pak for hierarchical cache Hierarchy.
[2017.10.10-10.20.55:729][  0]LogDerivedDataCache: FDerivedDataBackendGraph:  CompressedPak pak cache file ../../../../../../Salveiro/Documents/Unreal Projects/pro1/DerivedDataCache/Compressed.ddp not found, will not use a pak cache.
[2017.10.10-10.20.55:729][  0]LogDerivedDataCache: Unable to find inner node CompressedPak for hierarchical cache Hierarchy.
[2017.10.10-10.20.55:747][  0]LogDerivedDataCache: Display: Pak cache opened for reading ../../../Engine/DerivedDataCache/Compressed.ddp.
[2017.10.10-10.20.55:758][  0]LogDerivedDataCache: Using Local data cache path C:/Users/Salveiro/AppData/Local/UnrealEngine/Common/DerivedDataCache: Writable
[2017.10.10-10.20.55:767][  0]LogMaterial: Verifying Global Shaders for PCD3D_SM5
[2017.10.10-10.20.55:767][  0]LogSlate: Using Freetype 2.6.0
[2017.10.10-10.20.55:767][  0]LogSlate: SlateFontCache - WITH_FREETYPE: 1, WITH_HARFBUZZ: 1
[2017.10.10-10.20.55:767][  0]LogSlate: SlateFontCache - WITH_FREETYPE: 1, WITH_HARFBUZZ: 1
[2017.10.10-10.20.56:258][  0]LogAssetRegistry: FAssetRegistry took 0.0242 seconds to start up
[2017.10.10-10.20.56:393][  0]LogInit: Selected Device Profile: [Windows]
[2017.10.10-10.20.56:398][  0]LogContentStreaming: Texture pool size is 0.00 MB
[2017.10.10-10.20.57:058][  0]LogSimplygon: Simplygon DLL not present - disabling.
[2017.10.10-10.20.57:123][  0]LogMeshReduction: Using SimplygonSwarm for distributed automatic mesh merging
[2017.10.10-10.20.57:123][  0]LogMeshReduction: Using QuadricMeshReduction for automatic static mesh reduction
[2017.10.10-10.20.57:123][  0]LogMeshReduction: No automatic skeletal mesh reduction module available
[2017.10.10-10.20.57:123][  0]LogMeshReduction: No automatic mesh merging module available
[2017.10.10-10.20.57:123][  0]LogMeshMerging: No automatic mesh merging module available
[2017.10.10-10.20.57:702][  0]LogNetVersion: pro1 , NetCL: 3573198, EngineNetVer: 2, GameNetVer: 0 (Checksum: 3694136425)
[2017.10.10-10.20.57:879][  0]LogPackageLocalizationCache: Processed 5 localized package path(s) for 1 prioritized culture(s) in 0.039108 seconds
[2017.10.10-10.20.57:885][  0]LogUObjectArray: 35825 objects as part of root set at end of initial load.
[2017.10.10-10.20.57:885][  0]LogUObjectAllocator: 7529112 out of 0 bytes used by permanent object pool.
[2017.10.10-10.20.57:885][  0]LogUObjectArray: CloseDisregardForGC: 0/0 objects in disregard for GC pool
[2017.10.10-10.20.57:913][  0]LogInit: WinSock: version 1.1 (2.2), MaxSocks=32767, MaxUdp=65467
[2017.10.10-10.20.59:597][  0]LogTcpMessaging: Initializing TcpMessaging bridge
[2017.10.10-10.20.59:621][  0]LogUdpMessaging: Initializing bridge on interface 0.0.0.0:0 to multicast group 230.0.0.1:6666.
[2017.10.10-10.21.00:047][  0]LogMaterial: Uniform references updated for custom material expression Custom.
[2017.10.10-10.21.00:288][  0]SourceControl: Source control is disabled
[2017.10.10-10.21.00:289][  0]SourceControl: Source control is disabled
[2017.10.10-10.21.00:312][  0]SourceControl: Source control is disabled
[2017.10.10-10.21.00:336][  0]SourceControl: Source control is disabled
[2017.10.10-10.21.00:636][  0]LogAndroidPermission: UAndroidPermissionCallbackProxy::GetInstance
[2017.10.10-10.21.00:757][  0]LogOcInput: OculusInput pre-init called
[2017.10.10-10.21.00:976][  0]LogEngine: Initializing Engine...
[2017.10.10-10.21.00:981][  0]LogHMD: Failed to initialize OpenVR with code 110
[2017.10.10-10.21.01:204][  0]LogStats: UGameplayTagsManager::ConstructGameplayTagTree: Construct from data asset -  0.000 s
[2017.10.10-10.21.01:204][  0]LogStats: UGameplayTagsManager::ConstructGameplayTagTree: GameplayTagTreeChangedEvent.Broadcast -  0.000 s
[2017.10.10-10.21.01:272][  0]LogAIModule: Creating AISystem for world Untitled
[2017.10.10-10.21.01:280][  0]LogInit: XAudio2 using 'Speakers (High Definition Audio Device)' : 2 channels at 44.1 kHz using 16 bits per sample (channel mask 0x3)
[2017.10.10-10.21.01:286][  0]LogInit: FAudioDevice initialized.
[2017.10.10-10.21.01:414][  0]LogDerivedDataCache: Saved boot cache 0.13s 93MB C:/Users/Salveiro/AppData/Local/UnrealEngine/4.17/DerivedDataCache/Boot.ddc.
[2017.10.10-10.21.01:434][  0]LogInit: Texture streaming: Enabled
[2017.10.10-10.21.01:510][  0]LogEngineSessionManager: EngineSessionManager initialized
[2017.10.10-10.21.01:727][  0]LogInit: Transaction tracking system initialized
[2017.10.10-10.21.01:941][  0]BlueprintLog: New page: Editor Load
[2017.10.10-10.21.02:384][  0]LocalizationService: Localization service is disabled
[2017.10.10-10.21.02:736][  0]LogConsoleResponse: Display: 
[2017.10.10-10.21.02:928][  0]LogCook: Display: Max memory allowance for cook 16384mb min free memory 0mb
[2017.10.10-10.21.02:928][  0]LogCook: Display: Mobile HDR setting 1
[2017.10.10-10.21.02:928][  0]LogGameplayTags: Display: UGameplayTagsManager::DoneAddingNativeTags. DelegateIsBound: 0
[2017.10.10-10.21.03:059][  0]LogFileCache: Scanning file cache for directory 'E:/Salveiro/Documents/Unreal Projects/pro1/Content/' took 0.02s
[2017.10.10-10.21.03:455][  0]SourceControl: Source control is disabled
[2017.10.10-10.21.03:455][  0]Cmd: MAP LOAD FILE="../../../../../../Salveiro/Documents/Unreal Projects/pro1/Content/StarterContent/Maps/MAin.umap" TEMPLATE=0 SHOWPROGRESS=1 FEATURELEVEL=3
[2017.10.10-10.21.03:455][  0]LightingResults: New page: Lighting Build
[2017.10.10-10.21.03:476][  0]MapCheck: New page: Map Check
[2017.10.10-10.21.03:476][  0]LightingResults: New page: Lighting Build
[2017.10.10-10.21.04:714][  0]LogAIModule: Creating AISystem for world Main
[2017.10.10-10.21.04:716][  0]LogEditorServer: Finished looking for orphan Actors (0.000 secs)
[2017.10.10-10.21.04:725][  0]Cmd: MAP CHECKDEP NOCLEARLOG
[2017.10.10-10.21.04:750][  0]MapCheck: Map check complete: 0 Error(s), 0 Warning(s), took 24.996ms to complete.
[2017.10.10-10.21.04:750][  0]LogFileHelpers: Loading map 'MAin' took 1.296
[2017.10.10-10.21.05:548][  0]LogCollectionManager: Loaded 0 collections in 0.019876 seconds
[2017.10.10-10.21.05:694][  0]LogFileCache: Scanning file cache for directory 'E:/Salveiro/Documents/Unreal Projects/pro1/Saved/Collections/' took 0.01s
[2017.10.10-10.21.05:694][  0]LogFileCache: Scanning file cache for directory 'E:/Salveiro/Documents/Unreal Projects/pro1/Content/Developers/Salveiro/Collections/' took 0.01s
[2017.10.10-10.21.05:694][  0]LogFileCache: Scanning file cache for directory 'E:/Salveiro/Documents/Unreal Projects/pro1/Content/Collections/' took 0.01s
[2017.10.10-10.21.05:694][  0]LogCollectionManager: Rebuilt the GUID cache for 0 collections in 0.000000 seconds
[2017.10.10-10.21.05:712][  0]LogContentBrowser: Native class hierarchy populated in 0.0152 seconds. Added 2392 classes and 505 folders.
[2017.10.10-10.21.05:778][  0]LogContentBrowser: Native class hierarchy updated for 'WidgetCarousel' in 0.0027 seconds. Added 0 classes and 0 folders.
[2017.10.10-10.21.07:381][  0]LogContentBrowser: Native class hierarchy updated for 'AddContentDialog' in 0.0085 seconds. Added 0 classes and 0 folders.
[2017.10.10-10.21.07:494][  0]LogContentBrowser: Native class hierarchy updated for 'SceneOutliner' in 0.0038 seconds. Added 1 classes and 2 folders.
[2017.10.10-10.21.08:135][  0]LogSlate: Took 0.000200 seconds to synchronously load lazily loaded font '../../../Engine/Content/Slate/Fonts/Roboto-Regular.ttf' (155K)
[2017.10.10-10.21.08:138][  0]LogSlate: Took 0.000210 seconds to synchronously load lazily loaded font '../../../Engine/Content/Slate/Fonts/Roboto-Bold.ttf' (160K)
[2017.10.10-10.21.08:154][  0]LogSlate: Took 0.006331 seconds to synchronously load lazily loaded font '../../../Engine/Content/Editor/Slate/Fonts/FontAwesome.ttf' (139K)
[2017.10.10-10.21.08:541][  0]LogContentBrowser: Native class hierarchy updated for 'HierarchicalLODOutliner' in 0.0022 seconds. Added 1 classes and 2 folders.
[2017.10.10-10.21.08:541][  0]LogLoad: (Engine Initialization) Total time: 17.36 seconds
[2017.10.10-10.21.08:541][  0]LogLoad: (Engine Initialization) Total Blueprint compile time: 0.00 seconds
[2017.10.10-10.21.08:541][  0]LogExternalProfiler: No external profilers were discovered.  External profiling features will not be available.
[2017.10.10-10.21.08:901][  0]LogContentStreaming: Texture pool size now 1000 MB
[2017.10.10-10.21.09:258][  0]LogSlate: Took 0.009614 seconds to synchronously load lazily loaded font '../../../Engine/Content/Slate/Fonts/Roboto-Light.ttf' (159K)
[2017.10.10-10.21.09:282][  1]LogAssetRegistry: Asset discovery search completed in 13.0458 seconds
[2017.10.10-10.21.09:284][  1]LogCollectionManager: Rebuilt the object cache for 0 collections in 0.000001 seconds (found 0 objects)
[2017.10.10-10.21.09:284][  1]LogCollectionManager: Fixed up redirectors for 0 collections in 0.000047 seconds (updated 0 objects)
[2017.10.10-10.21.09:360][  2]LogRenderer: Reallocating scene render targets to support 1164x580 Format 10 NumSamples 1 (Frame:1).
[2017.10.10-10.21.28:637][443]LogTemp: Repeating last play command: New Editor Window (PIE)
[2017.10.10-10.21.28:677][443]LogBlueprintUserMessages: Early PlayInEditor Detection: Level '/Game/StarterContent/Maps/MAin.Main:PersistentLevel' has LevelScriptBlueprint '/Game/StarterContent/Maps/MAin.Main:PersistentLevel.Main' with GeneratedClass '/Game/StarterContent/Maps/MAin.Main_C' with ClassGeneratedBy '/Game/StarterContent/Maps/MAin.Main:PersistentLevel.Main'
[2017.10.10-10.21.28:677][443]LogPlayLevel: PlayLevel: No blueprints needed recompiling
[2017.10.10-10.21.28:738][443]PIE: New page: PIE session: MAin (Oct 10, 2017, 2:21:28 PM)
[2017.10.10-10.21.28:748][443]LogPlayLevel: Creating play world package: /Game/StarterContent/Maps/UEDPIE_0_MAin
[2017.10.10-10.21.28:763][443]LogPlayLevel: PIE: StaticDuplicateObject took: (0.015246s)
[2017.10.10-10.21.28:764][443]LogAIModule: Creating AISystem for world Main
[2017.10.10-10.21.28:774][443]LogPlayLevel: PIE: World Init took: (0.011057s)
[2017.10.10-10.21.28:775][443]LogPlayLevel: PIE: Created PIE world by copying editor world from /Game/StarterContent/Maps/MAin.Main to /Game/StarterContent/Maps/UEDPIE_0_MAin.Main (0.026658s)
[2017.10.10-10.21.28:797][443]LogInit: XAudio2 using 'Speakers (High Definition Audio Device)' : 2 channels at 44.1 kHz using 16 bits per sample (channel mask 0x3)
[2017.10.10-10.21.28:805][443]LogInit: FAudioDevice initialized.
[2017.10.10-10.21.28:897][443]LogLoad: Game class is 'B_DnDGameMode_C'
[2017.10.10-10.21.28:935][443]LogWorld: Bringing World /Game/StarterContent/Maps/UEDPIE_0_MAin.Main up for play (max tick rate 0) at 2017.10.10-12.21.28
[2017.10.10-10.21.28:949][443]LogWorld: Bringing up level for play took: 0.014590
[2017.10.10-10.21.29:028][443]LogContentBrowser: Native class hierarchy updated for 'MovieSceneCapture' in 0.0022 seconds. Added 11 classes and 0 folders.
[2017.10.10-10.21.29:028][443]LogGameMode: Display: Match State Changed from EnteringMap to WaitingToStart
[2017.10.10-10.21.29:028][443]LogGameState: Match State Changed from EnteringMap to WaitingToStart
[2017.10.10-10.21.29:028][443]LogGameMode: Display: Match State Changed from WaitingToStart to InProgress
[2017.10.10-10.21.29:104][443]LogGameState: Match State Changed from WaitingToStart to InProgress
[2017.10.10-10.21.29:107][443]PIE: Play in editor start time for /Game/StarterContent/Maps/UEDPIE_0_MAin 0.711
[2017.10.10-10.21.29:115][443]LogBlueprintUserMessages: Late PlayInEditor Detection: Level '/Game/StarterContent/Maps/MAin.Main:PersistentLevel' has LevelScriptBlueprint '/Game/StarterContent/Maps/MAin.Main:PersistentLevel.Main' with GeneratedClass '/Game/StarterContent/Maps/MAin.Main_C' with ClassGeneratedBy '/Game/StarterContent/Maps/MAin.Main:PersistentLevel.Main'
[2017.10.10-10.21.29:161][443]LogRenderer: Reallocating scene render targets to support 1292x756 Format 10 NumSamples 1 (Frame:1).
[2017.10.10-10.21.33:815][988]LogBlueprintUserMessages: Early EndPlayMap Detection: Level '/Game/StarterContent/Maps/MAin.Main:PersistentLevel' has LevelScriptBlueprint '/Game/StarterContent/Maps/MAin.Main:PersistentLevel.Main' with GeneratedClass '/Game/StarterContent/Maps/MAin.Main_C' with ClassGeneratedBy '/Game/StarterContent/Maps/MAin.Main:PersistentLevel.Main'
[2017.10.10-10.21.33:870][988]LogBlueprintUserMessages: Late EndPlayMap Detection: Level '/Game/StarterContent/Maps/MAin.Main:PersistentLevel' has LevelScriptBlueprint '/Game/StarterContent/Maps/MAin.Main:PersistentLevel.Main' with GeneratedClass '/Game/StarterContent/Maps/MAin.Main_C' with ClassGeneratedBy '/Game/StarterContent/Maps/MAin.Main:PersistentLevel.Main'
[2017.10.10-10.21.34:010][  1]Cmd: SELECT NONE
[2017.10.10-10.21.49:112][ 24]LogTemp: Repeating last play command: New Editor Window (PIE)
[2017.10.10-10.21.49:123][ 24]LogBlueprintUserMessages: Early PlayInEditor Detection: Level '/Game/StarterContent/Maps/MAin.Main:PersistentLevel' has LevelScriptBlueprint '/Game/StarterContent/Maps/MAin.Main:PersistentLevel.Main' with GeneratedClass '/Game/StarterContent/Maps/MAin.Main_C' with ClassGeneratedBy '/Game/StarterContent/Maps/MAin.Main:PersistentLevel.Main'
[2017.10.10-10.21.49:123][ 24]LogPlayLevel: PlayLevel: No blueprints needed recompiling
[2017.10.10-10.21.49:123][ 24]PIE: New page: PIE session: MAin (Oct 10, 2017, 2:21:49 PM)
[2017.10.10-10.21.49:123][ 24]LogPlayLevel: Creating play world package: /Game/StarterContent/Maps/UEDPIE_0_MAin
[2017.10.10-10.21.49:124][ 24]LogPlayLevel: PIE: StaticDuplicateObject took: (0.000870s)
[2017.10.10-10.21.49:125][ 24]LogAIModule: Creating AISystem for world Main
[2017.10.10-10.21.49:125][ 24]LogPlayLevel: PIE: World Init took: (0.000555s)
[2017.10.10-10.21.49:125][ 24]LogPlayLevel: PIE: Created PIE world by copying editor world from /Game/StarterContent/Maps/MAin.Main to /Game/StarterContent/Maps/UEDPIE_0_MAin.Main (0.001605s)
[2017.10.10-10.21.49:135][ 24]LogInit: XAudio2 using 'Speakers (High Definition Audio Device)' : 2 channels at 44.1 kHz using 16 bits per sample (channel mask 0x3)
[2017.10.10-10.21.49:141][ 24]LogInit: FAudioDevice initialized.
[2017.10.10-10.21.49:177][ 24]LogLoad: Game class is 'B_DnDGameMode_C'
[2017.10.10-10.21.49:178][ 24]LogWorld: Bringing World /Game/StarterContent/Maps/UEDPIE_0_MAin.Main up for play (max tick rate 0) at 2017.10.10-12.21.49
[2017.10.10-10.21.49:178][ 24]LogWorld: Bringing up level for play took: 0.000690
[2017.10.10-10.21.49:178][ 24]LogGameMode: Display: Match State Changed from EnteringMap to WaitingToStart
[2017.10.10-10.21.49:178][ 24]LogGameState: Match State Changed from EnteringMap to WaitingToStart
[2017.10.10-10.21.49:178][ 24]LogGameMode: Display: Match State Changed from WaitingToStart to InProgress
[2017.10.10-10.21.49:184][ 24]LogGameState: Match State Changed from WaitingToStart to InProgress
[2017.10.10-10.21.49:187][ 24]PIE: Play in editor start time for /Game/StarterContent/Maps/UEDPIE_0_MAin 0.79
[2017.10.10-10.21.49:187][ 24]LogBlueprintUserMessages: Late PlayInEditor Detection: Level '/Game/StarterContent/Maps/MAin.Main:PersistentLevel' has LevelScriptBlueprint '/Game/StarterContent/Maps/MAin.Main:PersistentLevel.Main' with GeneratedClass '/Game/StarterContent/Maps/MAin.Main_C' with ClassGeneratedBy '/Game/StarterContent/Maps/MAin.Main:PersistentLevel.Main'
[2017.10.10-10.21.53:770][363]LogRenderer: Reallocating scene render targets to support 1860x1056 Format 10 NumSamples 1 (Frame:341).
[2017.10.10-10.22.46:822][468]LogBlueprintUserMessages: [Fireball_C_1] Hello
[2017.10.10-10.22.47:553][525]LogBlueprintUserMessages: [Fireball_C_1] Hello
[2017.10.10-10.22.48:183][576]LogBlueprintUserMessages: [Fireball_C_1] Hello
[2017.10.10-10.22.48:431][597]LogBlueprintUserMessages: [Fireball_C_1] Hello
[2017.10.10-10.22.50:774][785]LogBlueprintUserMessages: [Fireball_C_1] Hello
[2017.10.10-10.22.51:070][810]LogBlueprintUserMessages: [Fireball_C_1] Hello
[2017.10.10-10.22.51:203][820]LogBlueprintUserMessages: [Fireball_C_1] Hello
[2017.10.10-10.22.54:014][ 48]LogBlueprintUserMessages: [Fireball_C_1] Hello
[2017.10.10-10.22.54:281][ 70]LogBlueprintUserMessages: [Fireball_C_1] Hello
[2017.10.10-10.22.54:539][ 92]LogBlueprintUserMessages: [Fireball_C_1] Hello
[2017.10.10-10.22.55:036][130]LogBlueprintUserMessages: [Fireball_C_1] Hello
[2017.10.10-10.22.59:872][519]LogBlueprintUserMessages: Early EndPlayMap Detection: Level '/Game/StarterContent/Maps/MAin.Main:PersistentLevel' has LevelScriptBlueprint '/Game/StarterContent/Maps/MAin.Main:PersistentLevel.Main' with GeneratedClass '/Game/StarterContent/Maps/MAin.Main_C' with ClassGeneratedBy '/Game/StarterContent/Maps/MAin.Main:PersistentLevel.Main'
[2017.10.10-10.22.59:904][519]LogBlueprintUserMessages: Late EndPlayMap Detection: Level '/Game/StarterContent/Maps/MAin.Main:PersistentLevel' has LevelScriptBlueprint '/Game/StarterContent/Maps/MAin.Main:PersistentLevel.Main' with GeneratedClass '/Game/StarterContent/Maps/MAin.Main_C' with ClassGeneratedBy '/Game/StarterContent/Maps/MAin.Main:PersistentLevel.Main'
[2017.10.10-10.25.21:147][ 36]Cmd: SELECT NONE
[2017.10.10-10.31.05:540][458]Cmd: QUIT_EDITOR
[2017.10.10-10.31.05:614][458]LogExit: Preparing to exit.
[2017.10.10-10.31.06:871][458]LogDirectoryWatcher: A directory notification for 'E:/Salveiro/Documents/Unreal Projects/pro1/Content/' was aborted.
[2017.10.10-10.31.06:896][458]LogExit: Editor shut down
[2017.10.10-10.31.06:904][458]LogExit: Transaction tracking system shut down
[2017.10.10-10.31.07:060][458]LogDirectoryWatcher: A directory notification for '../../../Engine/Content/' was aborted.
[2017.10.10-10.31.07:061][458]LogDirectoryWatcher: A directory notification for '../../../../../../Salveiro/Documents/Unreal Projects/pro1/Content/' was aborted.
[2017.10.10-10.31.07:061][458]LogDirectoryWatcher: A directory notification for '../../../Engine/Plugins/2D/Paper2D/Content/' was aborted.
[2017.10.10-10.31.07:061][458]LogDirectoryWatcher: A directory notification for '../../../Engine/Plugins/Runtime/Oculus/OculusVR/Content/' was aborted.
[2017.10.10-10.31.07:061][458]LogDirectoryWatcher: A directory notification for '../../../Engine/Plugins/Runtime/Steam/SteamVR/Content/' was aborted.
[2017.10.10-10.31.07:140][458]LogExit: Object subsystem successfully closed.
[2017.10.10-10.31.07:182][458]LogD3D11RHI: Shutdown
[2017.10.10-10.31.07:182][458]LogD3D11RHI: CleanupD3DDevice
[2017.10.10-10.31.07:282][458]LogD3D11RHI: ~FD3D11DynamicRHI
[2017.10.10-10.31.07:288][458]LogModuleManager: Shutting down and abandoning module MovieSceneCapture (534)
[2017.10.10-10.31.07:288][458]LogModuleManager: Shutting down and abandoning module HierarchicalLODOutliner (532)
[2017.10.10-10.31.07:288][458]LogModuleManager: Shutting down and abandoning module SceneOutliner (530)
[2017.10.10-10.31.07:288][458]LogModuleManager: Shutting down and abandoning module AddContentDialog (528)
[2017.10.10-10.31.07:288][458]LogDirectoryWatcher: A directory notification for 'E:/Programs/UE_4.17/UE_4.17/FeaturePacks/' was aborted.
[2017.10.10-10.31.07:289][458]LogModuleManager: Shutting down and abandoning module WidgetCarousel (527)
[2017.10.10-10.31.07:289][458]LogModuleManager: Shutting down and abandoning module EditorWidgets (524)
[2017.10.10-10.31.07:289][458]LogModuleManager: Shutting down and abandoning module CollectionManager (522)
[2017.10.10-10.31.07:289][458]LogDirectoryWatcher: A directory notification for 'E:/Salveiro/Documents/Unreal Projects/pro1/Content/Collections/' was aborted.
[2017.10.10-10.31.07:289][458]LogDirectoryWatcher: A directory notification for 'E:/Salveiro/Documents/Unreal Projects/pro1/Content/Developers/Salveiro/Collections/' was aborted.
[2017.10.10-10.31.07:289][458]LogDirectoryWatcher: A directory notification for 'E:/Salveiro/Documents/Unreal Projects/pro1/Saved/Collections/' was aborted.
[2017.10.10-10.31.07:289][458]LogModuleManager: Shutting down and abandoning module StatsViewer (520)
[2017.10.10-10.31.07:289][458]LogModuleManager: Shutting down and abandoning module FoliageEdit (518)
[2017.10.10-10.31.07:289][458]LogModuleManager: Shutting down and abandoning module LandscapeEditor (516)
[2017.10.10-10.31.07:289][458]LogModuleManager: Shutting down and abandoning module MeshPaintMode (514)
[2017.10.10-10.31.07:289][458]LogModuleManager: Shutting down and abandoning module SceneDepthPickerMode (512)
[2017.10.10-10.31.07:289][458]LogModuleManager: Shutting down and abandoning module ActorPickerMode (510)
[2017.10.10-10.31.07:289][458]LogModuleManager: Shutting down and abandoning module GeometryMode (508)
[2017.10.10-10.31.07:289][458]LogModuleManager: Shutting down and abandoning module TextureAlignMode (506)
[2017.10.10-10.31.07:289][458]LogModuleManager: Shutting down and abandoning module BspMode (504)
[2017.10.10-10.31.07:289][458]LogModuleManager: Shutting down and abandoning module PIEPreviewDeviceProfileSelector (502)
[2017.10.10-10.31.07:289][458]LogModuleManager: Shutting down and abandoning module HardwareSurvey (500)
[2017.10.10-10.31.07:289][458]LogModuleManager: Shutting down and abandoning module SequenceRecorderSections (498)
[2017.10.10-10.31.07:289][458]LogModuleManager: Shutting down and abandoning module AutomationWorker (496)
[2017.10.10-10.31.07:289][458]LogModuleManager: Shutting down and abandoning module MatineeToLevelSequence (494)
[2017.10.10-10.31.07:289][458]LogModuleManager: Shutting down and abandoning module LevelSequenceEditor (492)
[2017.10.10-10.31.07:289][458]LogModuleManager: Shutting down and abandoning module PlacementMode (491)
[2017.10.10-10.31.07:290][458]LogModuleManager: Shutting down and abandoning module WmfMediaFactory (488)
[2017.10.10-10.31.07:290][458]LogModuleManager: Shutting down and abandoning module WmfMediaEditor (486)
[2017.10.10-10.31.07:290][458]LogModuleManager: Shutting down and abandoning module AvfMediaFactory (484)
[2017.10.10-10.31.07:290][458]LogModuleManager: Shutting down and abandoning module AvfMediaEditor (482)
[2017.10.10-10.31.07:290][458]LogModuleManager: Shutting down and abandoning module AndroidMediaFactory (480)
[2017.10.10-10.31.07:290][458]LogModuleManager: Shutting down and abandoning module Media (479)
[2017.10.10-10.31.07:290][458]LogModuleManager: Shutting down and abandoning module AndroidMediaEditor (476)
[2017.10.10-10.31.07:290][458]LogModuleManager: Shutting down and abandoning module CharacterAI (474)
[2017.10.10-10.31.07:290][458]LogModuleManager: Shutting down and abandoning module AudioCapture (472)
[2017.10.10-10.31.07:290][458]LogModuleManager: Shutting down and abandoning module SequenceRecorder (471)
[2017.10.10-10.31.07:290][458]LogModuleManager: Shutting down and abandoning module SmartSnapping (468)
[2017.10.10-10.31.07:290][458]LogModuleManager: Shutting down and abandoning module SessionServices (466)
[2017.10.10-10.31.07:290][458]LogModuleManager: Shutting down and abandoning module ViewportSnapping (464)
[2017.10.10-10.31.07:290][458]LogModuleManager: Shutting down and abandoning module ViewportInteraction (462)
[2017.10.10-10.31.07:290][458]LogModuleManager: Shutting down and abandoning module ClothPainter (460)
[2017.10.10-10.31.07:290][458]LogModuleManager: Shutting down and abandoning module LogVisualizer (458)
[2017.10.10-10.31.07:290][458]LogModuleManager: Shutting down and abandoning module IntroTutorials (456)
[2017.10.10-10.31.07:290][458]LogModuleManager: Shutting down and abandoning module GameProjectGeneration (455)
[2017.10.10-10.31.07:290][458]LogModuleManager: Shutting down and abandoning module IOSPlatformEditor (452)
[2017.10.10-10.31.07:290][458]LogModuleManager: Shutting down and abandoning module HTML5PlatformEditor (450)
[2017.10.10-10.31.07:290][458]LogModuleManager: Shutting down and abandoning module AndroidPlatformEditor (448)
[2017.10.10-10.31.07:290][458]LogModuleManager: Shutting down and abandoning module AndroidDeviceDetection (447)
[2017.10.10-10.31.07:657][458]LogModuleManager: Shutting down and abandoning module WindowsPlatformEditor (444)
[2017.10.10-10.31.07:657][458]LogModuleManager: Shutting down and abandoning module IOSRuntimeSettings (442)
[2017.10.10-10.31.07:657][458]LogModuleManager: Shutting down and abandoning module AndroidRuntimeSettings (440)
[2017.10.10-10.31.07:657][458]LogModuleManager: Shutting down and abandoning module InputBindingEditor (438)
[2017.10.10-10.31.07:657][458]LogModuleManager: Shutting down and abandoning module MergeActors (436)
[2017.10.10-10.31.07:657][458]LogModuleManager: Shutting down and abandoning module SizeMap (434)
[2017.10.10-10.31.07:657][458]LogModuleManager: Shutting down and abandoning module TreeMap (432)
[2017.10.10-10.31.07:657][458]LogModuleManager: Shutting down and abandoning module ReferenceViewer (430)
[2017.10.10-10.31.07:657][458]LogModuleManager: Shutting down and abandoning module LocalizationDashboard (428)
[2017.10.10-10.31.07:658][458]LogModuleManager: Shutting down and abandoning module LocalizationService (427)
[2017.10.10-10.31.07:658][458]LogModuleManager: Shutting down and abandoning module HardwareTargeting (424)
[2017.10.10-10.31.07:658][458]LogModuleManager: Shutting down and abandoning module DeviceProfileEditor (422)
[2017.10.10-10.31.07:658][458]LogModuleManager: Shutting down and abandoning module UndoHistory (420)
[2017.10.10-10.31.07:658][458]LogModuleManager: Shutting down and abandoning module XmlParser (418)
[2017.10.10-10.31.07:658][458]LogModuleManager: Shutting down and abandoning module Blutility (416)
[2017.10.10-10.31.07:658][458]LogModuleManager: Shutting down and abandoning module ProjectSettingsViewer (414)
[2017.10.10-10.31.07:658][458]LogModuleManager: Shutting down and abandoning module ProjectTargetPlatformEditor (413)
[2017.10.10-10.31.07:659][458]LogModuleManager: Shutting down and abandoning module EditorSettingsViewer (410)
[2017.10.10-10.31.07:659][458]LogModuleManager: Shutting down and abandoning module SettingsEditor (408)
[2017.10.10-10.31.07:659][458]LogModuleManager: Shutting down and abandoning module ProjectLauncher (406)
[2017.10.10-10.31.07:659][458]LogModuleManager: Shutting down and abandoning module SessionFrontend (404)
[2017.10.10-10.31.07:659][458]LogModuleManager: Shutting down and abandoning module ProfilerClient (402)
[2017.10.10-10.31.07:659][458]LogModuleManager: Shutting down and abandoning module DeviceManager (400)
[2017.10.10-10.31.07:659][458]LogModuleManager: Shutting down and abandoning module TargetDeviceServices (399)
[2017.10.10-10.31.07:699][458]LogModuleManager: Shutting down and abandoning module AutomationController (396)
[2017.10.10-10.31.07:699][458]LogModuleManager: Shutting down and abandoning module AutomationWindow (394)
[2017.10.10-10.31.07:699][458]LogModuleManager: Shutting down and abandoning module Layers (392)
[2017.10.10-10.31.07:699][458]LogModuleManager: Shutting down and abandoning module ComponentVisualizers (390)
[2017.10.10-10.31.07:699][458]LogModuleManager: Shutting down and abandoning module DetailCustomizations (388)
[2017.10.10-10.31.07:699][458]LogModuleManager: Shutting down and abandoning module PackagesDialog (386)
[2017.10.10-10.31.07:699][458]LogModuleManager: Shutting down and abandoning module Persona (384)
[2017.10.10-10.31.07:700][458]LogModuleManager: Shutting down and abandoning module AdvancedPreviewScene (383)
[2017.10.10-10.31.07:700][458]LogModuleManager: Shutting down and abandoning module AnimGraph (381)
[2017.10.10-10.31.07:700][458]LogModuleManager: Shutting down and abandoning module Kismet (378)
[2017.10.10-10.31.07:701][458]LogModuleManager: Shutting down and abandoning module ClassViewer (376)
[2017.10.10-10.31.07:701][458]LogModuleManager: Shutting down and abandoning module Toolbox (374)
[2017.10.10-10.31.07:701][458]LogModuleManager: Shutting down and abandoning module ModuleUI (372)
[2017.10.10-10.31.07:701][458]LogModuleManager: Shutting down and abandoning module MovieSceneTools (370)
[2017.10.10-10.31.07:701][458]LogModuleManager: Shutting down and abandoning module OutputLog (368)
[2017.10.10-10.31.07:701][458]LogModuleManager: Shutting down and abandoning module GammaUI (366)
[2017.10.10-10.31.07:701][458]LogModuleManager: Shutting down and abandoning module Documentation (364)
[2017.10.10-10.31.07:701][458]LogModuleManager: Shutting down and abandoning module MovieSceneTracks (362)
[2017.10.10-10.31.07:701][458]LogModuleManager: Shutting down and abandoning module MovieScene (360)
[2017.10.10-10.31.07:701][458]LogModuleManager: Shutting down and abandoning module Niagara (358)
[2017.10.10-10.31.07:701][458]LogModuleManager: Shutting down and abandoning module NiagaraEditor (357)
[2017.10.10-10.31.07:702][458]LogModuleManager: Shutting down and abandoning module StreamingPauseRendering (354)
[2017.10.10-10.31.07:702][458]LogModuleManager: Shutting down and abandoning module LauncherPlatform (352)
[2017.10.10-10.31.07:702][458]LogModuleManager: Shutting down and abandoning module AnalyticsET (350)
[2017.10.10-10.31.07:702][458]LogModuleManager: Shutting down and abandoning module PortalServices (348)
[2017.10.10-10.31.07:702][458]LogModuleManager: Shutting down and abandoning module PortalRpc (346)
[2017.10.10-10.31.07:702][458]LogModuleManager: Shutting down and abandoning module MessagingRpc (344)
[2017.10.10-10.31.07:702][458]LogModuleManager: Shutting down and abandoning module AIModule (342)
[2017.10.10-10.31.07:702][458]LogModuleManager: Shutting down and abandoning module GameplayDebugger (341)
[2017.10.10-10.31.07:702][458]LogModuleManager: Shutting down and abandoning module AITestSuite (339)
[2017.10.10-10.31.07:702][458]LogModuleManager: Shutting down and abandoning module ProfilerService (336)
[2017.10.10-10.31.07:933][458]LogModuleManager: Shutting down and abandoning module TaskGraph (334)
[2017.10.10-10.31.07:933][458]LogModuleManager: Shutting down and abandoning module SteamVRController (332)
[2017.10.10-10.31.07:933][458]LogModuleManager: Shutting down and abandoning module ProceduralMeshComponentEditor (330)
[2017.10.10-10.31.07:933][458]LogModuleManager: Shutting down and abandoning module ProceduralMeshComponent (328)
[2017.10.10-10.31.07:933][458]LogModuleManager: Shutting down and abandoning module OculusInput (326)
[2017.10.10-10.31.07:933][458]LogModuleManager: Shutting down and abandoning module MobilePatchingUtils (324)
[2017.10.10-10.31.07:934][458]LogModuleManager: Shutting down and abandoning module CustomMeshComponent (322)
[2017.10.10-10.31.07:934][458]LogModuleManager: Shutting down and abandoning module CableComponent (320)
[2017.10.10-10.31.07:934][458]LogModuleManager: Shutting down and abandoning module ArchVisCharacter (318)
[2017.10.10-10.31.07:934][458]LogModuleManager: Shutting down and abandoning module AndroidPermission (316)
[2017.10.10-10.31.07:934][458]LogModuleManager: Shutting down and abandoning module MediaPlayerEditor (312)
[2017.10.10-10.31.07:934][458]LogModuleManager: Shutting down and abandoning module HTML5Networking (310)
[2017.10.10-10.31.07:934][458]LogModuleManager: Shutting down and abandoning module AlembicImporter (308)
[2017.10.10-10.31.07:934][458]LogModuleManager: Shutting down and abandoning module AlembicLibrary (307)
[2017.10.10-10.31.07:934][458]LogModuleManager: Shutting down and abandoning module GeometryCache (306)
[2017.10.10-10.31.07:934][458]LogModuleManager: Shutting down and abandoning module GeometryCacheEd (305)
[2017.10.10-10.31.07:934][458]LogModuleManager: Shutting down and abandoning module SpeedTreeImporter (300)
[2017.10.10-10.31.07:934][458]LogModuleManager: Shutting down and abandoning module PluginBrowser (298)
[2017.10.10-10.31.07:935][458]LogModuleManager: Shutting down and abandoning module MobileLauncherProfileWizard (296)
[2017.10.10-10.31.07:935][458]LogModuleManager: Shutting down and abandoning module VisualStudioSourceCodeAccess (294)
[2017.10.10-10.31.07:935][458]LogModuleManager: Shutting down and abandoning module DesktopPlatform (293)
[2017.10.10-10.31.07:935][458]LogModuleManager: Shutting down and abandoning module UObjectPlugin (290)
[2017.10.10-10.31.07:935][458]LogModuleManager: Shutting down and abandoning module SubversionSourceControl (288)
[2017.10.10-10.31.07:935][458]LogModuleManager: Shutting down and abandoning module PerforceSourceControl (286)
[2017.10.10-10.31.07:935][458]LogModuleManager: Shutting down and abandoning module GitSourceControl (284)
[2017.10.10-10.31.07:935][458]LogModuleManager: Shutting down and abandoning module SourceControl (283)
[2017.10.10-10.31.07:935][458]LogModuleManager: Shutting down and abandoning module LightPropagationVolumeEditor (280)
[2017.10.10-10.31.07:935][458]LogModuleManager: Shutting down and abandoning module PaperTiledImporter (278)
[2017.10.10-10.31.07:935][458]LogModuleManager: Shutting down and abandoning module PaperSpriteSheetImporter (276)
[2017.10.10-10.31.07:935][458]LogModuleManager: Shutting down and abandoning module Paper2DEditor (274)
[2017.10.10-10.31.07:936][458]LogModuleManager: Shutting down and abandoning module MeshPaint (273)
[2017.10.10-10.31.07:936][458]LogModuleManager: Shutting down and abandoning module LevelEditor (271)
[2017.10.10-10.31.07:938][458]LogModuleManager: Shutting down and abandoning module PixelInspectorModule (270)
[2017.10.10-10.31.07:938][458]LogModuleManager: Shutting down and abandoning module MainFrame (268)
[2017.10.10-10.31.07:938][458]LogModuleManager: Shutting down and abandoning module HotReload (267)
[2017.10.10-10.31.07:939][458]LogDirectoryWatcher: A directory notification for 'E:/Salveiro/Documents/Unreal Projects/pro1/Binaries/Win64' was aborted.
[2017.10.10-10.31.08:023][458]LogModuleManager: Shutting down and abandoning module pro1 (262)
[2017.10.10-10.31.08:023][458]LogModuleManager: Shutting down and abandoning module RuntimePhysXCooking (260)
[2017.10.10-10.31.08:023][458]LogModuleManager: Shutting down and abandoning module PhysXVehiclesEditor (258)
[2017.10.10-10.31.08:023][458]LogModuleManager: Shutting down and abandoning module PhysXVehicles (256)
[2017.10.10-10.31.08:023][458]LogModuleManager: Shutting down and abandoning module OculusEditor (254)
[2017.10.10-10.31.08:024][458]LogModuleManager: Shutting down and abandoning module LocationServicesBPLibrary (252)
[2017.10.10-10.31.08:024][458]LogModuleManager: Shutting down and abandoning module ImmediatePhysicsEditor (250)
[2017.10.10-10.31.08:024][458]LogModuleManager: Shutting down and abandoning module ImmediatePhysics (248)
[2017.10.10-10.31.08:024][458]LogModuleManager: Shutting down and abandoning module UdpMessaging (246)
[2017.10.10-10.31.08:124][458]LogModuleManager: Shutting down and abandoning module TcpMessaging (244)
[2017.10.10-10.31.08:224][458]LogModuleManager: Shutting down and abandoning module GameplayTagsEditor (242)
[2017.10.10-10.31.08:224][458]LogModuleManager: Shutting down and abandoning module FacialAnimationEditor (240)
[2017.10.10-10.31.08:224][458]LogModuleManager: Shutting down and abandoning module FacialAnimation (238)
[2017.10.10-10.31.08:224][458]LogModuleManager: Shutting down and abandoning module AssetManagerEditor (236)
[2017.10.10-10.31.08:224][458]LogModuleManager: Shutting down and abandoning module GraphEditor (235)
[2017.10.10-10.31.08:224][458]LogModuleManager: Shutting down and abandoning module ContentBrowser (233)
[2017.10.10-10.31.08:225][458]LogModuleManager: Shutting down and abandoning module LightPropagationVolumeRuntime (230)
[2017.10.10-10.31.08:225][458]LogModuleManager: Shutting down and abandoning module Paper2D (228)
[2017.10.10-10.31.08:225][458]LogModuleManager: Shutting down and abandoning module WindowsMoviePlayer (226)
[2017.10.10-10.31.08:225][458]LogModuleManager: Shutting down and abandoning module WmfMedia (224)
[2017.10.10-10.31.08:226][458]LogModuleManager: Shutting down and abandoning module PacketHandler (222)
[2017.10.10-10.31.08:226][458]LogModuleManager: Shutting down and abandoning module ClothingSystemEditor (220)
[2017.10.10-10.31.08:226][458]LogModuleManager: Shutting down and abandoning module ClothingSystemRuntime (218)
[2017.10.10-10.31.08:226][458]LogModuleManager: Shutting down and abandoning module Overlay (216)
[2017.10.10-10.31.08:226][458]LogModuleManager: Shutting down and abandoning module OverlayEditor (215)
[2017.10.10-10.31.08:227][458]LogModuleManager: Shutting down and abandoning module MediaAssets (212)
[2017.10.10-10.31.08:227][458]LogModuleManager: Shutting down and abandoning module VREditor (210)
[2017.10.10-10.31.08:227][458]LogModuleManager: Shutting down and abandoning module StringTableEditor (208)
[2017.10.10-10.31.08:227][458]LogModuleManager: Shutting down and abandoning module GameplayTasksEditor (206)
[2017.10.10-10.31.08:227][458]LogModuleManager: Shutting down and abandoning module BehaviorTreeEditor (204)
[2017.10.10-10.31.08:227][458]LogModuleManager: Shutting down and abandoning module FunctionalTesting (202)
[2017.10.10-10.31.08:227][458]LogModuleManager: Shutting down and abandoning module CollisionAnalyzer (200)
[2017.10.10-10.31.08:227][458]LogModuleManager: Shutting down and abandoning module WorkspaceMenuStructure (199)
[2017.10.10-10.31.08:227][458]LogModuleManager: Shutting down and abandoning module UMG (196)
[2017.10.10-10.31.08:227][458]LogModuleManager: Shutting down and abandoning module UMGEditor (195)
[2017.10.10-10.31.08:227][458]LogModuleManager: Shutting down and abandoning module Sequencer (194)
[2017.10.10-10.31.08:227][458]LogModuleManager: Shutting down and abandoning module MessageLog (191)
[2017.10.10-10.31.08:227][458]LogModuleManager: Shutting down and abandoning module SlateReflector (186)
[2017.10.10-10.31.08:227][458]LogModuleManager: Shutting down and abandoning module Slate (184)
[2017.10.10-10.31.08:227][458]LogModuleManager: Shutting down and abandoning module EditorStyle (182)
[2017.10.10-10.31.08:229][458]LogModuleManager: Shutting down and abandoning module MRMesh (180)
[2017.10.10-10.31.08:229][458]LogModuleManager: Shutting down and abandoning module SourceCodeAccess (178)
[2017.10.10-10.31.08:229][458]LogModuleManager: Shutting down and abandoning module HeadMountedDisplay (176)
[2017.10.10-10.31.08:229][458]LogModuleManager: Shutting down and abandoning module XAudio2 (174)
[2017.10.10-10.31.08:229][458]LogModuleManager: Shutting down and abandoning module Networking (172)
[2017.10.10-10.31.08:229][458]LogModuleManager: Shutting down and abandoning module Core (168)
[2017.10.10-10.31.08:229][458]LogModuleManager: Shutting down and abandoning module KismetCompiler (164)
[2017.10.10-10.31.08:229][458]LogModuleManager: Shutting down and abandoning module MeshUtilities (162)
[2017.10.10-10.31.08:230][458]LogModuleManager: Shutting down and abandoning module MeshMergeUtilities (161)
[2017.10.10-10.31.08:230][458]LogModuleManager: Shutting down and abandoning module MeshReductionInterface (160)
[2017.10.10-10.31.08:230][458]LogModuleManager: Shutting down and abandoning module SimplygonSwarm (159)
[2017.10.10-10.31.08:230][458]LogModuleManager: Shutting down and abandoning module SimplygonMeshReduction (157)
[2017.10.10-10.31.08:230][458]LogModuleManager: Shutting down and abandoning module QuadricMeshReduction (155)
[2017.10.10-10.31.08:230][458]LogModuleManager: Shutting down and abandoning module MaterialBaking (151)
[2017.10.10-10.31.08:230][458]LogModuleManager: Shutting down and abandoning module LevelSequence (148)
[2017.10.10-10.31.08:230][458]LogModuleManager: Shutting down and abandoning module DirectoryWatcher (146)
[2017.10.10-10.31.08:230][458]LogModuleManager: Shutting down and abandoning module DerivedDataCache (144)
[2017.10.10-10.31.08:312][458]LogDerivedDataCache: Shutdown
[2017.10.10-10.31.08:312][458]LogModuleManager: Shutting down and abandoning module TargetPlatform (142)
[2017.10.10-10.31.08:312][458]LogModuleManager: Shutting down and abandoning module VulkanShaderFormat (141)
[2017.10.10-10.31.08:312][458]LogModuleManager: Shutting down and abandoning module ShaderFormatVectorVM (139)
[2017.10.10-10.31.08:312][458]LogModuleManager: Shutting down and abandoning module ShaderFormatOpenGL (137)
[2017.10.10-10.31.08:312][458]LogModuleManager: Shutting down and abandoning module ShaderFormatD3D (135)
[2017.10.10-10.31.08:312][458]LogModuleManager: Shutting down and abandoning module MetalShaderFormat (133)
[2017.10.10-10.31.08:312][458]LogModuleManager: Shutting down and abandoning module TextureFormatUncompressed (131)
[2017.10.10-10.31.08:312][458]LogModuleManager: Shutting down and abandoning module TextureFormatPVR (129)
[2017.10.10-10.31.08:312][458]LogModuleManager: Shutting down and abandoning module TextureFormatDXT (127)
[2017.10.10-10.31.08:312][458]LogModuleManager: Shutting down and abandoning module TextureFormatIntelISPCTexComp (125)
[2017.10.10-10.31.08:312][458]LogModuleManager: Shutting down and abandoning module TextureFormatASTC (123)
[2017.10.10-10.31.08:312][458]LogModuleManager: Shutting down and abandoning module ImageWrapper (122)
[2017.10.10-10.31.08:312][458]LogModuleManager: Shutting down and abandoning module TextureFormatAndroid (119)
[2017.10.10-10.31.08:312][458]LogModuleManager: Shutting down and abandoning module AudioFormatOpus (117)
[2017.10.10-10.31.08:312][458]LogModuleManager: Shutting down and abandoning module AudioFormatOgg (115)
[2017.10.10-10.31.08:312][458]LogModuleManager: Shutting down and abandoning module AudioFormatADPCM (113)
[2017.10.10-10.31.08:312][458]LogModuleManager: Shutting down and abandoning module LinuxTargetPlatform (111)
[2017.10.10-10.31.08:312][458]LogModuleManager: Shutting down and abandoning module LinuxServerTargetPlatform (109)
[2017.10.10-10.31.08:312][458]LogModuleManager: Shutting down and abandoning module LinuxNoEditorTargetPlatform (107)
[2017.10.10-10.31.08:312][458]LogModuleManager: Shutting down and abandoning module LinuxClientTargetPlatform (105)
[2017.10.10-10.31.08:312][458]LogModuleManager: Shutting down and abandoning module TVOSTargetPlatform (103)
[2017.10.10-10.31.08:312][458]LogModuleManager: Shutting down and abandoning module Messaging (101)
[2017.10.10-10.31.08:312][458]LogModuleManager: Shutting down and abandoning module IOSTargetPlatform (99)
[2017.10.10-10.31.08:312][458]LogModuleManager: Shutting down and abandoning module HTML5TargetPlatform (97)
[2017.10.10-10.31.08:312][458]LogModuleManager: Shutting down and abandoning module Android_PVRTCTargetPlatform (95)
[2017.10.10-10.31.08:312][458]LogModuleManager: Shutting down and abandoning module Android_MultiTargetPlatform (93)
[2017.10.10-10.31.08:312][458]LogModuleManager: Shutting down and abandoning module Android_ETC2TargetPlatform (91)
[2017.10.10-10.31.08:312][458]LogModuleManager: Shutting down and abandoning module Android_ETC1TargetPlatform (89)
[2017.10.10-10.31.08:312][458]LogModuleManager: Shutting down and abandoning module Android_DXTTargetPlatform (87)
[2017.10.10-10.31.08:313][458]LogModuleManager: Shutting down and abandoning module Android_ATCTargetPlatform (85)
[2017.10.10-10.31.08:313][458]LogModuleManager: Shutting down and abandoning module Android_ASTCTargetPlatform (83)
[2017.10.10-10.31.08:313][458]LogModuleManager: Shutting down and abandoning module AndroidTargetPlatform (81)
[2017.10.10-10.31.08:313][458]LogModuleManager: Shutting down and abandoning module WindowsTargetPlatform (79)
[2017.10.10-10.31.08:313][458]LogModuleManager: Shutting down and abandoning module WindowsServerTargetPlatform (77)
[2017.10.10-10.31.08:313][458]LogModuleManager: Shutting down and abandoning module WindowsNoEditorTargetPlatform (75)
[2017.10.10-10.31.08:313][458]LogModuleManager: Shutting down and abandoning module WindowsClientTargetPlatform (73)
[2017.10.10-10.31.08:313][458]LogModuleManager: Shutting down and abandoning module MacTargetPlatform (71)
[2017.10.10-10.31.08:313][458]LogModuleManager: Shutting down and abandoning module MacServerTargetPlatform (69)
[2017.10.10-10.31.08:313][458]LogModuleManager: Shutting down and abandoning module MacNoEditorTargetPlatform (67)
[2017.10.10-10.31.08:313][458]LogModuleManager: Shutting down and abandoning module MacClientTargetPlatform (65)
[2017.10.10-10.31.08:313][458]LogModuleManager: Shutting down and abandoning module AllDesktopTargetPlatform (63)
[2017.10.10-10.31.08:313][458]LogModuleManager: Shutting down and abandoning module InputCore (60)
[2017.10.10-10.31.08:313][458]LogModuleManager: Shutting down and abandoning module Settings (58)
[2017.10.10-10.31.08:313][458]LogModuleManager: Shutting down and abandoning module PhysXCooking (56)
[2017.10.10-10.31.08:313][458]LogModuleManager: Shutting down and abandoning module SteamVR (54)
[2017.10.10-10.31.08:313][458]LogModuleManager: Shutting down and abandoning module OculusHMD (52)
[2017.10.10-10.31.08:313][458]LogModuleManager: Shutting down and abandoning module ExampleDeviceProfileSelector (50)
[2017.10.10-10.31.08:313][458]LogModuleManager: Shutting down and abandoning module OnlineBlueprintSupport (48)
[2017.10.10-10.31.08:313][458]LogModuleManager: Shutting down and abandoning module OnlineSubsystem (44)
[2017.10.10-10.31.08:313][458]LogOnline: Display: Unloading online subsystem: NULL
[2017.10.10-10.31.08:313][458]LogModuleManager: Shutting down and abandoning module XMPP (43)
[2017.10.10-10.31.08:313][458]LogModuleManager: Shutting down and abandoning module HTTP (41)
[2017.10.10-10.31.08:313][458]LogHttp: Display: Http module shutting down, but needs to wait on 1 outstanding Http requests:
[2017.10.10-10.31.08:313][458]LogHttp: Display: 	verb=[POST] url=[https://datarouter.ol.epicgames.com/datarouter/api/v1/public/data?SessionID=%7B3DF1F592-4BF0-3242-72E2-769665003109%7D&AppID=UEEditor.Rocket.Release&AppVersion=4.17.0-3573198%2B%2B%2BUE4%2BRelease-4.17&UserID=7260851f45eebf939100a0821310f853%7C37d8b649ceb64c6f99765ddf7104a8f7%7Ce3df040c-1d93-4bd8-8181-8bbb824702f4&AppEnvironment=datacollector-binary&UploadType=eteventstream] status=Processing
[2017.10.10-10.31.08:329][458]LogModuleManager: Shutting down and abandoning module SSL (40)
[2017.10.10-10.31.08:330][458]LogModuleManager: Shutting down and abandoning module AnimationModifiers (36)
[2017.10.10-10.31.08:330][458]LogModuleManager: Shutting down and abandoning module PropertyEditor (35)
[2017.10.10-10.31.08:330][458]LogModuleManager: Shutting down and abandoning module AudioEditor (32)
[2017.10.10-10.31.08:330][458]LogModuleManager: Shutting down and abandoning module TextureCompressor (30)
[2017.10.10-10.31.08:330][458]LogModuleManager: Shutting down and abandoning module ShaderCore (28)
[2017.10.10-10.31.08:331][458]LogModuleManager: Shutting down and abandoning module Landscape (26)
[2017.10.10-10.31.08:331][458]LogModuleManager: Shutting down and abandoning module SlateRHIRenderer (24)
[2017.10.10-10.31.08:331][458]LogModuleManager: Shutting down and abandoning module OpenGLDrv (22)
[2017.10.10-10.31.08:331][458]LogModuleManager: Shutting down and abandoning module D3D11RHI (20)
[2017.10.10-10.31.08:331][458]LogModuleManager: Shutting down and abandoning module AnimGraphRuntime (18)
[2017.10.10-10.31.08:331][458]LogModuleManager: Shutting down and abandoning module Renderer (16)
[2017.10.10-10.31.08:331][458]LogModuleManager: Shutting down and abandoning module Engine (14)
[2017.10.10-10.31.08:331][458]LogModuleManager: Shutting down and abandoning module CoreUObject (12)
[2017.10.10-10.31.08:331][458]LogModuleManager: Shutting down and abandoning module NetworkFile (10)
[2017.10.10-10.31.08:331][458]LogModuleManager: Shutting down and abandoning module CookedIterativeFile (8)
[2017.10.10-10.31.08:331][458]LogModuleManager: Shutting down and abandoning module StreamingFile (6)
[2017.10.10-10.31.08:331][458]LogModuleManager: Shutting down and abandoning module SandboxFile (4)
[2017.10.10-10.31.08:331][458]LogModuleManager: Shutting down and abandoning module PakFile (2)
[2017.10.10-10.31.08:334][458]LogExit: Exiting.
[2017.10.10-10.31.08:344][458]Log file closed, 10/10/17 12:31:08
